         w __deregister_frame_info
         w __register_frame_info
         w __syscall_lock_close_recursive
         w userAppExit
         w userAppInit
00000000 b _TLS_MODULE_BASE_
00000000 00000802 B __ctru_dev_utf16_buf
00000000 a shift
00000000 a shift
00000804 00000401 B __ctru_dev_path_buf
00100000 A __start__
00100000 T _start
00100008 T __service_ptr
0010000c T __apt_appid
00100010 T __heap_size
00100014 T __linear_heap_size
00100018 T __system_arglist
0010001c T __system_runflags
00100020 t startup
00100058 t ClearMem
0010006c t ClrLoop
00100094 T _init
001000ac t .udivsi3_skip_div0_test
001000ac T __aeabi_uidiv
001000ac 000001ec T __udivsi3
00100298 00000020 T __aeabi_uidivmod
001002b8 T __aeabi_idiv
001002b8 00000220 T __divsi3
001002c0 t .divsi3_skip_div0_test
001004d8 00000020 T __aeabi_idivmod
001004f8 00000004 W __aeabi_idiv0
001004f8 00000004 W __aeabi_ldiv0
001004fc T __aeabi_drsub
00100504 000002b0 T __aeabi_dsub
00100504 000002b0 T __subdf3
00100508 000002ac T __adddf3
00100508 000002ac T __aeabi_dadd
001007b4 00000024 T __aeabi_ui2d
001007b4 00000024 T __floatunsidf
001007d8 00000028 T __aeabi_i2d
001007d8 00000028 T __floatsidf
00100800 00000048 T __aeabi_f2d
00100800 00000048 T __extendsfdf2
00100848 00000074 T __aeabi_ul2d
00100848 00000074 T __floatundidf
0010085c 00000060 T __aeabi_l2d
0010085c 00000060 T __floatdidf
001008bc 0000019c T __aeabi_frsub
001008c4 00000194 T __aeabi_fsub
001008c4 00000194 T __subsf3
001008c8 00000190 T __addsf3
001008c8 00000190 T __aeabi_fadd
00100a58 00000028 T __aeabi_ui2f
00100a58 00000028 T __floatunsisf
00100a60 00000020 T __aeabi_i2f
00100a60 00000020 T __floatsisf
00100a80 0000008c T __aeabi_ul2f
00100a80 0000008c T __floatundisf
00100a90 0000007c T __aeabi_l2f
00100a90 0000007c T __floatdisf
00100b0c T __aeabi_ldivmod
00100be0 T __aeabi_uldivmod
00100c28 00000390 T strcmp
00100fb0 t __do_global_dtors_aux
00100ff0 t frame_dummy
0010101c 00000068 T releaseWorld
00101088 00000784 T main
0010180c 0000010c T Collision_BoxIntersect
00101918 000000d8 T CommandLine_Execute
001019f0 00000064 T CommandLine_Activate
00101a54 00000098 T Crash
00101aec 000002ec T Raycast_Cast
00101dd8 00000008 T SmeaGen_Init
00101de0 00000270 T SmeaGen_Generate
00102050 00000004 T SuperFlatGen_Init
00102054 0000011c T SuperFlatGen_Generate
00102170 00000004 T TestGen_Init
00102174 00000c90 T Chunk_MakeTree
00102e04 00000138 T TestGen_Generate
00102f3c 0000002c T random_number
00102f68 00000410 T Block_Init
00103378 0000000c T Block_Deinit
00103384 0000000c T Block_GetTextureMap
00103390 0000023c T Block_GetTexture
001035cc 000000c4 T Block_GetColor
00103690 0000002c T Block_Opaque
001036bc 00000358 T BlockEvent_RandomTick
00103a14 00000068 T Camera_Init
00103a80 00000624 T Camera_Update
001040a4 000002b8 T Camera_IsAABBVisible
0010435c 00000134 T Clouds_Init
00104490 00000020 T Clouds_Deinit
001044b0 00000228 T Clouds_Render
001046d8 00000050 T Cursor_Init
00104728 00000010 T Cursor_Deinit
00104738 00000254 T Cursor_Draw
0010498c 0000002c T Hand_Init
001049b8 00000020 T Hand_Deinit
001049d8 00000504 T Hand_Draw
00104edc 00000390 t floodFill.part.0
0010526c 0000003c T PolyGen_Init
001052a8 00000044 T PolyGen_Deinit
001052ec 00000194 T PolyGen_Harvest
00105480 00000c20 T PolyGen_GeneratePolygons
001060a0 0000021c T Renderer_Init
001062bc 00000050 T Renderer_Deinit
0010630c 000003a8 T Renderer_Render
001066b4 000000b4 T tileImage32
00106768 000001e0 T Texture_Load
00106948 000000ac T Texture_TileImage8
001069f4 00000114 T downscaleImage
00106b08 000002ac T Texture_MapInit
00106db4 00000080 T Texture_MapGetIcon
00106e34 00000010 t sort_by_size
00106e44 00000020 T VBOCache_Init
00106e64 00000058 T VBOCache_Deinit
00106ebc 000000d8 T VBO_Alloc
00106f94 00000098 T VBO_Free
00107030 00000830 t renderWorld
00107860 000000ec T WorldRenderer_Init
0010794c 00000050 T WorldRenderer_Deinit
0010799c 00000118 T WorldRenderer_Render
00107ab4 00000050 T DebugUI_Init
00107b04 00000040 T DebugUI_Deinit
00107b44 00000050 T DebugUI_Text
00107b94 00000050 T DebugUI_Log
00107be4 00000100 T DebugUI_Draw
00107ce4 000001c8 T FontLoader_Init
00107eac 00000050 T Gui_Init
00107efc 00000004 T Gui_Deinit
00107f00 00000020 T Gui_Frame
00107f20 00000010 T Gui_Offset
00107f30 0000002c T Gui_RelativeWidth
00107f5c 0000002c T Gui_RelativeHeight
00107f88 00000058 T Gui_BeginRowCenter
00107fe0 00000034 T Gui_BeginRow
00108014 00000024 T Gui_EndRow
00108038 00000114 T Gui_Label
0010814c 00000034 T Gui_Space
00108180 00000018 T Gui_VerticalSpace
00108198 0000004c T Gui_InputData
001081e4 0000009c T Gui_IsCursorInside
00108280 0000009c T Gui_WasCursorInside
0010831c 000001dc T Gui_Button
001084f8 00000070 T Gui_EnteredCursorInside
00108568 000000ac T Gui_GetCursorMovement
00108614 000000d8 t clickAtStack
001086ec 0000021c T Inventory_DrawQuickSelect
00108908 00000178 T Inventory_Draw
00108a80 00000038 t compareDrawCommands
00108ab8 00000114 T SpriteBatch_Init
00108bcc 00000064 T SpriteBatch_Deinit
00108c30 00000010 T SpriteBatch_BindTexture
00108c40 00000078 T SpriteBatch_BindGuiTexture
00108cb8 000000d8 T SpriteBatch_PushSingleColorQuad
00108d90 000000f8 T SpriteBatch_PushQuad
00108e88 000000f8 T SpriteBatch_PushQuadColor
00108f80 00000330 T SpriteBatch_PushIcon
001092b0 000001ec T SpriteBatch_PushTextVargs
0010949c 00000040 T SpriteBatch_PushText
001094dc 00000098 T SpriteBatch_CalcTextWidthVargs
00109574 00000024 T SpriteBatch_GetWidth
00109598 00000024 T SpriteBatch_GetHeight
001095bc 00000010 T SpriteBatch_SetScale
001095cc 00000010 T SpriteBatch_GetScale
001095dc 00000010 T SpriteBatch_StartFrame
001095f0 000003a8 T SpriteBatch_Render
00109998 000000f4 t delete_folder
00109a8c 0000013c T WorldSelect_ScanWorlds
00109bc8 0000001c T WorldSelect_Init
00109be4 00000028 T WorldSelect_Deinit
00109c0c 000005a0 T WorldSelect_Render
0010a1ac 000002b0 T WorldSelect_Update
0010a45c 00000174 T Chunk_GenerateHeightmap
0010a5d0 0000005c T Cluster_IsEmpty
0010a62c 00000244 T ChunkWorker_Mainloop
0010a870 000000f0 T ChunkWorker_Init
0010a960 0000007c T ChunkWorker_Deinit
0010a9dc 00000044 T ChunkWorker_Finish
0010aa20 00000074 T ChunkWorker_AddHandler
0010aa94 00000048 T ChunkWorker_SetHandlerActive
0010aae0 000000bc T World_Reset
0010aba0 00000078 T World_Init
0010ac18 00000244 T World_LoadChunk
0010ae5c 0000010c T World_UnloadChunk
0010af68 0000006c T World_GetChunk
0010afd4 000000e8 T World_GetBlock
0010b0bc 0000021c T World_SetBlock
0010b2d8 00000228 T World_SetBlockAndMeta
0010b500 000000f4 T World_GetMetadata
0010b5f4 000000cc T World_GetHeight
0010b6c0 000001ac T World_UpdateChunkCache
0010b86c 00000394 T World_Tick
0010bc00 000000b8 t fetchSuperChunk
0010bcb8 00000030 T SaveManager_InitFileSystem
0010bce8 0000001c T SaveManager_Init
0010bd04 00000028 T SaveManager_Deinit
0010bd2c 0000065c T SaveManager_Load
0010c388 000001d8 T SaveManager_Unload
0010c560 00000064 T SaveManager_LoadChunk
0010c5c4 00000064 T SaveManager_SaveChunk
0010c628 00000044 T SuperChunk_InitPools
0010c66c 00000028 T SuperChunk_DeinitPools
0010c694 000005a8 T SuperChunk_Init
0010cc3c 00000170 T SuperChunk_SaveIndex
0010cdac 00000030 T SuperChunk_Deinit
0010cddc 00000440 T SuperChunk_SaveChunk
0010d21c 000004d8 T SuperChunk_LoadChunk
0010d6f4 000001b0 T Player_Init
0010d8a4 000000b8 T Player_Update
0010d95c 00000054 T Player_Jump
0010d9b0 00000724 T Player_Move
0010e0d4 0000015c T Player_PlaceBlock
0010e230 0000006c T Player_BreakBlock
0010e29c 00000928 T PlayerController_Init
0010ebc8 000008f4 T PlayerController_Update
0010f4bc 000001bc t mpack_utf8_check_impl
0010f678 0000001c t mpack_file_tree_teardown
0010f694 00000014 t mpack_tree_flag_error.part.0
0010f6a8 00000050 t mpack_file_writer_flush
0010f6f8 00000064 t mpack_file_writer_teardown
0010f75c 000000a4 t mpack_writer_ensure
0010f800 0000017c t mpack_write_u64.part.0
0010f97c 000000b0 t mpack_write_native_straddle
0010fa2c 00000054 t mpack_tree_parse_bytes
0010fa80 000000f0 t mpack_node_map_str_impl
0010fb70 00000240 t mpack_tree_parse_children
0010fdb0 00000acc t mpack_tree_parse.part.0.constprop.0
0011087c 00000028 T mpack_writer_init
001108a4 000000c8 T mpack_writer_init_file
0011096c 00000060 T mpack_writer_destroy
001109cc 00000048 T mpack_write_bool
00110a14 00000098 T mpack_write_u8
00110aac 00000154 T mpack_write_u32
00110c00 00000058 T mpack_write_u64
00110c58 000002b4 T mpack_write_i64
00110f0c 00000080 T mpack_write_float
00110f8c 00000114 T mpack_start_array
001110a0 00000110 T mpack_start_map
001111b0 00000160 T mpack_start_str
00111310 00000118 T mpack_start_bin
00111428 00000064 T mpack_write_bin
0011148c 00000070 T mpack_write_cstr
001114fc 0000001c T mpack_tree_root
00111518 00000084 T mpack_tree_init
0011159c 00000070 T mpack_tree_init_pool
0011160c 0000028c T mpack_tree_init_file
00111898 0000004c T mpack_tree_destroy
001118e4 00000040 T mpack_node_flag_error
00111924 000000f8 T mpack_node_copy_utf8_cstr
00111a1c 00000094 T mpack_node_map_cstr
00111ab0 00000054 T mpack_node_map_cstr_optional
00111b04 00000060 T vec_expand_
00111b64 00000070 T vec_reserve_po2_
00111bd4 00000034 T vec_splice_
00111c08 00000088 T sino_init
00111c90 0000002c T sino_exit
00111cc0 000002b4 T sino_2d
00111f74 00000060 t huffmanDecodeSymbol
00111fd4 00000090 t checkColorValidity
00112064 0000004c t addColorBits
001120b0 00000060 t color_tree_get
00112110 000001b0 t getPixelColorRGBA16
001122c0 000001a4 t Adam7_getpassvalues
00112464 000000a0 t color_tree_add
00112504 00000060 t LodePNGText_cleanup
00112564 00000090 t LodePNGIText_cleanup
001125f4 000000c8 t lodepng_color_mode_equal
001126bc 000003c0 t unfilter
00112a7c 000000c4 t removePaddingBits
00112b40 0000007c t string_set
00112bbc 00000058 t ucvector_push_back.isra.0
00112c14 000001e8 t color_tree_cleanup
00112dfc 00000530 t getPixelColorsRGBA8
0011332c 00000378 t HuffmanTree_makeFromLengths2
001136a4 00000074 t generateFixedDistanceTree.constprop.0.isra.0
00113718 000000bc t generateFixedLitLenTree.constprop.0.isra.0
001137d4 00000388 t getPixelColorRGBA8
00113b5c 00000bf8 t lodepng_inflatev.constprop.0
00114754 000000e4 T lodepng_load_file
00114838 000001ac T lodepng_zlib_decompress
001149e4 00000074 T lodepng_chunk_check_crc
00114a58 00000098 T lodepng_chunk_append
00114af0 000000b8 T lodepng_color_mode_copy
00114ba8 000000ec T lodepng_add_text
00114c94 000001bc T lodepng_add_itext
00114e50 00000088 T lodepng_info_init
00114ed8 0000059c T lodepng_convert
00115474 00000214 T lodepng_inspect
00115688 00001a74 T lodepng_decode
001170fc 000000b8 T lodepng_state_init
001171b4 000000ac T lodepng_decode_memory
00117260 00000080 T lodepng_decode32_file
001172e0 00000008 T miniz_def_free_func
001172e8 00000008 T miniz_def_alloc_func
001172f0 000006fc t tdefl_optimize_huffman_table
001179ec 000000ac t tdefl_flush_output_buffer
00117a98 0000090c t tdefl_start_dynamic_block
001183a4 00000590 t tdefl_compress_block
00118934 0000080c t tdefl_flush_block
00119140 00000164 T mz_adler32
001192a4 00000ee8 T tdefl_compress
0011a18c 00000184 T mz_deflate
0011a310 0000014c T tdefl_init
0011a45c 00000168 T mz_compress2
0011a5c4 0000001c T mz_compress
0011a5e0 00001e5c T tinfl_decompress
0011c43c 000003a8 T mz_inflate
0011c7e4 00000128 T mz_uncompress
0011c90c 00000054 t strcmpci
0011c960 00000450 T ini_load
0011cdb0 0000001c T ini_free
0011cdcc 00000134 T ini_get
0011cf00 00000048 T ini_sget
0011cf48 00000004 W C3Di_LightEnvUpdate
0011cf4c 00000004 W C3Di_LightEnvDirty
0011cf50 00000004 W C3Di_ProcTexUpdate
0011cf54 00000004 W C3Di_ProcTexDirty
0011cf58 000000b4 t C3Di_AptEventHook
0011d00c 00000004 W C3Di_GasUpdate
0011d010 000001e0 T C3D_Init
0011d1f0 00000098 T C3D_SetViewport
0011d288 000004e8 T C3Di_UpdateContext
0011d770 000000e0 T C3Di_SplitFrame
0011d850 00000010 T C3D_GetCmdBufUsage
0011d860 00000044 T C3D_Fini
0011d8a4 00000114 T C3D_BindProgram
0011d9b8 0000004c t onVBlank0
0011da04 0000004c t onVBlank1
0011da50 00000080 t C3Di_RenderTargetDestroy
0011dad0 000000f4 t onQueueFinish
0011dbc4 00000038 T C3Di_RenderQueueEnableVBlank
0011dbfc 00000030 T C3Di_RenderQueueDisableVBlank
0011dc2c 00000060 T C3Di_RenderQueueInit
0011dc8c 000000b0 T C3Di_RenderQueueExit
0011dd3c 00000034 T C3Di_RenderQueueWaitDone
0011dd70 000000e4 T C3D_FrameBegin
0011de54 00000048 T C3D_FrameDrawOn
0011de9c 000001d8 T C3D_FrameEnd
0011e074 00000018 T C3D_GetDrawingTime
0011e08c 00000018 T C3D_GetProcessingTime
0011e0a4 00000184 T C3D_RenderTargetCreate
0011e228 000000a8 T C3D_RenderTargetSetOutput
0011e2d0 000000f0 T C3D_SyncDisplayTransfer
0011e3c0 000000fc T C3D_SyncTextureCopy
0011e4bc 00000294 T C3D_TexInitWithParams
0011e750 000000c8 T C3D_TexLoadImage
0011e818 00000044 T C3D_TexBind
0011e85c 00000074 T C3D_TexDelete
0011e8d0 0000016c T C3Di_SetTex
0011ea3c 0000001c T C3D_CalcColorBufSize
0011ea58 0000001c T C3D_CalcDepthBufSize
0011ea74 00000044 T C3D_SetFrameBuf
0011eab8 0000016c T C3Di_FrameBufBind
0011ec24 000000c8 T C3D_FrameBufClear
0011ecec 00000044 T C3D_FrameBufTransfer
0011ed30 000000b8 T FogLut_FromArray
0011ede8 0000004c T C3D_FogGasMode
0011ee34 00000020 T C3D_FogColor
0011ee54 00000030 T C3D_FogLutBind
0011ee84 00000034 T C3D_GetTexEnv
0011eeb8 00000024 T C3Di_TexEnvBind
0011eedc 00000024 T BufInfo_Init
0011ef00 00000080 T BufInfo_Add
0011ef80 00000020 T C3D_GetBufInfo
0011efa0 00000040 T C3D_SetBufInfo
0011efe0 00000048 T C3Di_BufInfoBind
0011f028 00000148 T C3D_DrawArrays
0011f170 00000040 T C3D_DepthMap
0011f1b0 0000001c T C3D_CullFace
0011f1cc 00000040 T C3D_StencilTest
0011f20c 00000024 T C3D_StencilOp
0011f230 0000001c T C3D_BlendingColor
0011f24c 00000024 T C3D_EarlyDepthTest
0011f270 0000002c T C3D_DepthTest
0011f29c 0000002c T C3D_AlphaTest
0011f2c8 00000050 T C3D_AlphaBlend
0011f318 00000030 T C3D_FragOpMode
0011f348 00000044 T C3D_FragOpShadow
0011f38c 000001ac T C3Di_EffectBind
0011f538 00000028 T AttrInfo_Init
0011f560 00000094 T AttrInfo_AddLoader
0011f5f4 00000054 T C3D_SetAttrInfo
0011f648 00000080 T C3Di_AttrInfoBind
0011f6c8 000000a8 T C3D_ImmSendAttrib
0011f770 00000280 T C3D_UpdateUniforms
0011f9f0 000000c0 T C3Di_DirtyUniforms
0011fab0 000000d8 T C3Di_LoadShaderUniforms
0011fb88 00000028 T C3Di_ClearShaderUniforms
0011fbb0 00000038 T Mtx_Scale
0011fbe8 000000b8 T Mtx_Multiply
0011fca0 000000a4 T Mtx_RotateX
0011fd44 00000094 T Mtx_PerspTilt
0011fdd8 000000b8 T Mtx_PerspStereoTilt
0011fe90 000000cc T Mtx_OrthoTilt
0011ff5c 00000068 T Mtx_MultiplyFVec3
0011ffc4 000000a0 T Mtx_Translate
00120064 000000a0 T Mtx_RotateZ
00120104 000000a0 T Mtx_RotateY
001201a4 00000024 t addrMapNodeComparator(rbtree_node const*, rbtree_node const*)
001201c8 00000004 t addrMapNodeDestructor(rbtree_node*)
001201cc 00000250 T vramMemAlignAt
0012041c 0000000c T vramAlloc
00120428 0000000c T vramAllocAt
00120434 00000090 T vramFree
001204c4 00000024 t addrMapNodeComparator(rbtree_node const*, rbtree_node const*)
001204e8 00000004 t addrMapNodeDestructor(rbtree_node*)
001204ec 00000120 T linearMemAlign
0012060c 00000008 T linearAlloc
00120614 0000005c T linearFree
00120670 0000000c T linearSpaceFree
0012067c 00000080 T MemPool::CoalesceRight(MemBlock*)
001206fc 0000016c T MemPool::Allocate(MemChunk&, unsigned long, int)
00120868 000000fc T MemPool::Deallocate(MemChunk const&)
00120964 00000030 T MemPool::GetFreeSpace()
00120994 00000008 t romfs_close
0012099c 000000c0 t romfs_seek
00120a5c 00000024 t romfs_dirreset
00120a80 000000c8 t fill_dir
00120b48 0000028c t romfs_dirnext
00120dd4 00000084 t romfs_free
00120e58 000000d4 t searchForFile.constprop.0
00120f2c 000000d8 t searchForDir.constprop.0
00121004 000001c0 t navigateToDir.constprop.0
001211c4 0000010c t romfs_open
001212d0 0000004c t romfs_chdir
0012131c 00000070 t romfs_diropen
0012138c 00000174 t romfs_stat
00121500 00000008 t romfs_dirclose
00121508 00000084 t romfs_fstat
0012158c 000000d0 t romfs_read
0012165c 0000028c T romfsMountFromFile
001218e8 00000098 T romfsMountFromCurrentProcess
00121980 00000260 T romfsMountSelf
00121be0 000000a0 T romfsUnmount
00121c80 0000000c T __sync_init
00121c8c 00000018 T __sync_fini
00121ca4 0000002c T syncArbitrateAddress
00121cd0 0000001c T LightLock_Init
00121cec 000000b0 T LightLock_Lock
00121d9c 00000044 T LightLock_TryLock
00121de0 00000040 T LightLock_Unlock
00121e20 00000024 T RecursiveLock_Init
00121e44 00000030 T RecursiveLock_Lock
00121e74 00000054 T RecursiveLock_Unlock
00121ec8 00000040 T LightEvent_Init
00121f08 000000a4 T LightEvent_Clear
00121fac 000000c8 T LightEvent_Signal
00122074 00000050 T LightEvent_TryWait
001220c4 000000b0 T LightEvent_Wait
00122174 00000074 T osConvertVirtToPhys
001221e8 00000054 T osGetTimeRef
0012223c 000000ec T osGetTime
00122328 00000038 T osTickCounterRead
00122360 00000034 T __ctru_speedup_config
00122394 000001e8 t parseColor
0012257c 000001ac T consoleDrawChar
00122728 00000124 T consolePrintChar
0012284c 00000b94 T con_write
001233e0 000000fc t newRow
001234dc 00000168 T consoleInit
00123644 000000d0 t gfxPresentFramebuffer
00123714 00000010 T gfxSet3D
00123724 0000001c T gfxIsWide
00123740 000000ec T gfxSetScreenFormat
0012382c 00000010 T gfxSetDoubleBuffering
0012383c 000000e0 T gfxInit
0012391c 00000010 T gfxInitDefault
0012392c 000000b4 T gfxExit
001239e0 000000a0 T gfxGetFramebuffer
00123a80 00000104 T gfxFlushBuffers
00123b84 00000030 T gfxScreenSwapBuffers
00123bb4 00000050 T gfxSwapBuffersGpu
00123c04 00000178 T threadCreate
00123d7c 0000002c T threadFree
00123da8 00000024 T threadJoin
00123dcc 00000030 T threadGetCurrent
00123dfc 00000040 T threadExit
00123e3c 00000020 t _thread_begin
00123e5c 000001d4 T shaderInstanceInit
00124030 00000018 T shaderInstanceGetUniformLocation
00124048 0000001c T shaderProgramInit
00124064 00000064 T shaderProgramFree
001240c8 00000080 T shaderProgramSetVsh
00124148 000008e0 T shaderProgramConfigure
00124a28 000001cc t DVLE_GenerateOutmap.part.0
00124bf4 000001b4 T DVLB_ParseFile
00124da8 00000038 T DVLB_Free
00124de0 00000074 T DVLE_GetUniformRegister
00124e54 00000010 T GX_BindQueue
00124e64 0000006c T GX_RequestDma
00124ed0 00000078 T GX_ProcessCommandList
00124f48 00000074 T GX_MemoryFill
00124fbc 00000070 T GX_DisplayTransfer
0012502c 00000074 T GX_TextureCopy
001250a0 00000068 t gxCmdQueueDoCommands.part.0
00125108 000000c8 T gxCmdQueueInterrupt
001251d0 0000004c T gxCmdQueueClear
0012521c 000000f8 T gxCmdQueueAdd
00125314 00000080 T gxCmdQueueRun
00125394 00000060 T gxCmdQueueStop
001253f4 00000074 T gxCmdQueueWait
00125468 0000013c T GPUCMD_Add
001255a4 000000b0 T GPUCMD_Split
00125654 00000034 T f32tof16
00125688 00000034 T f32tof24
001256bc 00000038 T f32tof31
001256f4 00000164 T irrstInit
00125858 000000cc T irrstExit
00125924 000000b4 T irrstScanInput
001259d8 00000024 T irrstKeysHeld
001259fc 00000018 T irrstCstickRead
00125a14 00000c58 t gspHardwareInit
0012666c 00000248 T gspInit
001268b4 000000f0 T gspExit
001269a4 00000010 T gspHasGpuRight
001269b4 000000a0 T gspPresentBuffer
00126a54 00000030 T gspSetEventCallback
00126a84 00000044 T gspWaitForEvent
00126ac8 0000004c T gspWaitForAnyEvent
00126b14 00000158 t gspEventThreadMain
00126c6c 00000130 T gspSubmitGxCommand
00126d9c 00000050 T GSPGPU_FlushDataCache
00126dec 00000034 T GSPGPU_SetLcdForceBlack
00126e20 00000068 T GSPGPU_AcquireRight
00126e88 00000048 T GSPGPU_ReleaseRight
00126ed0 0000007c T GSPGPU_ImportDisplayCaptureInfo
00126f4c 0000002c T GSPGPU_SaveVramSysArea
00126f78 0000002c T GSPGPU_RestoreVramSysArea
00126fa4 000001a4 t aptConvertScreenForCapture
00127148 00000008 W aptDspSleep
00127150 00000004 W aptDspWakeup
00127154 00000004 W aptDspCancel
00127158 00000158 T aptSendCommand
001272b0 00000044 t aptExitProcess
001272f4 000002f4 T aptExit
001275e8 000000e0 T aptHandleSleep
001276c8 00000030 T aptHook
001276f8 00000030 T aptUnhook
00127728 0000001c T aptSetMessageCallback
00127744 00000084 T APT_SleepIfShellClosed
001277c8 00000084 T aptSetSleepAllowed
0012784c 00000084 T APT_UnlockTransition
001278d0 000004a4 t aptEventHandler
00127d74 000000b0 T APT_ReceiveParameter
00127e24 000000b0 t aptReceiveParameter.constprop.0
00127ed8 000002ac t aptScreenTransfer
00128184 00000344 t aptWaitForWakeUp.isra.0
001284c8 0000011c T aptLaunchLibraryApplet
001285e8 00000100 T aptJumpToHomeMenu
001286e8 00000048 T aptMainLoop
00128730 0000022c T aptInit
0012895c 0000005c T APT_SendParameter
001289b8 00000030 T APT_SetAppCpuTimeLimit
001289e8 0000007c T APT_CheckNew3DS
00128a64 00000024 W hidShouldUseIrrst
00128a88 0000018c T hidInit
00128c14 000000e8 T hidExit
00128cfc 000002a4 T hidScanInput
00128fa0 00000010 T hidKeysHeld
00128fb0 00000010 T hidKeysDown
00128fc0 00000010 T hidKeysUp
00128fd0 00000018 T hidTouchRead
00128fe8 00000018 T hidCircleRead
00129000 00000074 T ptmSysmInit
00129074 0000003c T ptmSysmExit
001290b0 00000034 T PTMSYSM_ConfigureNew3DSCPU
001290e4 000000cc T fsInit
001291b0 0000003c T fsExit
001291ec 00000060 T fsExemptFromSession
0012924c 00000050 T fsUnexemptFromSession
0012929c 000000cc T FSUSER_OpenFile
00129368 000000d4 T FSUSER_OpenFileDirectly
0012943c 000000bc T FSUSER_DeleteFile
001294f8 000000f8 T FSUSER_RenameFile
001295f0 000000bc T FSUSER_DeleteDirectory
001296ac 000000d4 T FSUSER_CreateFile
00129780 000000c4 T FSUSER_CreateDirectory
00129844 000000f8 T FSUSER_RenameDirectory
0012993c 000000b4 T FSUSER_OpenDirectory
001299f0 00000098 T FSUSER_OpenArchive
00129a88 0000008c T FSUSER_CloseArchive
00129b14 00000074 T FSUSER_GetSdmcArchiveResource
00129b88 00000064 T FSUSER_IsSdmcWritable
00129bec 00000058 T FSFILE_Read
00129c44 00000060 T FSFILE_Write
00129ca4 0000003c T FSFILE_GetSize
00129ce0 00000028 T FSFILE_SetSize
00129d08 0000003c T FSFILE_Close
00129d44 00000024 T FSFILE_Flush
00129d68 00000050 T FSDIR_Read
00129db8 0000003c T FSDIR_Close
00129df4 00000178 t swkbdMessageCallback
00129f6c 00000078 T swkbdInit
00129fe4 00000050 T swkbdSetHintText
0012a034 000003a4 T swkbdInputText
0012a3d8 00000010 T rbtree_init
0012a3e8 000001b4 t do_insert
0012a59c 00000008 T rbtree_insert
0012a5a4 00000090 T rbtree_rotate
0012a634 00000318 T rbtree_remove
0012a94c 00000074 T rbtree_find
0012a9c0 000000e8 T utf16_to_utf8
0012aaa8 00000064 T decode_utf16
0012ab0c 000000c0 T utf8_to_utf16
0012abcc 00000030 T __syscall_getreent
0012abfc 00000074 T __syscall_gettod_r
0012ac70 00000004 T __syscall_lock_acquire
0012ac74 00000004 T __syscall_lock_release
0012ac78 00000004 T __syscall_lock_init_recursive
0012ac7c 00000004 T __syscall_lock_acquire_recursive
0012ac80 00000004 T __syscall_lock_release_recursive
0012ac84 00000004 T __syscall_exit
0012ac88 00000050 T initThreadVars
0012acd8 00000068 T __system_initSyscalls
0012ad40 000001e0 W __system_allocateHeaps
0012af20 00000038 W __libctru_init
0012af58 00000170 W __system_initArgv
0012b0c8 T svcControlMemory
0012b0e8 T svcQueryMemory
0012b118 T svcExitProcess
0012b120 T svcCreateThread
0012b140 T svcExitThread
0012b148 T svcSleepThread
0012b150 T svcGetThreadPriority
0012b164 T svcReleaseMutex
0012b16c T svcCreateEvent
0012b180 T svcSignalEvent
0012b188 T svcClearEvent
0012b190 T svcCreateMemoryBlock
0012b1a8 T svcMapMemoryBlock
0012b1b0 T svcUnmapMemoryBlock
0012b1b8 T svcCreateAddressArbiter
0012b1cc T svcArbitrateAddressNoTimeout
0012b1d4 T svcCloseHandle
0012b1dc T svcWaitSynchronization
0012b1e4 T svcWaitSynchronizationN
0012b20c T svcDuplicateHandle
0012b220 T svcGetSystemTick
0012b228 T svcConnectToPort
0012b23c T svcSendSyncRequest
0012b244 T svcGetResourceLimit
0012b258 T svcGetResourceLimitLimitValues
0012b260 T svcGetResourceLimitCurrentValues
0012b268 T svcBreak
0012b270 W initSystem
0012b2c0 W __ctru_exit
0012b2d8 T __aeabi_read_tp
0012b2e4 00000084 W envGetHandle
0012b368 00000050 W envDestroyHandles
0012b3b8 00000130 T srvInit
0012b4e8 00000058 T srvExit
0012b540 000000a0 T srvGetServiceHandleDirect
0012b5e0 00000038 T srvGetServiceHandle
0012b618 00000038 T srvPublishToSubscriber
0012b650 000000b4 t mappableFindAddressWithin
0012b704 00000028 T mappableInit
0012b72c 00000080 T mappableAlloc
0012b7ac 00000004 T mappableFree
0012b7b0 0000000c T srvPmGetSessionHandle
0012b7bc 0000005c T rbtree_node_next
0012b818 00000054 T encode_utf16
0012b86c 000000e0 T encode_utf8
0012b94c 0000013c T decode_utf8
0012ba88 00000030 W __appInit
0012bab8 00000030 W __appExit
0012bae8 00000090 W __libctru_exit
0012bb78 00000014 t archive_link
0012bb8c 00000014 t archive_dirreset
0012bba0 00000014 t archive_chmod
0012bbb4 00000024 t error_cmp
0012bbd8 00000050 t archive_translate_error
0012bc28 000000c8 t archive_seek
0012bcf0 0000007c t _archiveInit.part.0
0012bd6c 000000c4 t archiveFindDevice.part.0
0012be30 0000025c t archive_utf16path
0012c08c 000000a0 t _archiveUnmountDeviceStruct.part.0
0012c12c 00000014 t archive_fchmod
0012c140 00000014 t archive_statvfs
0012c154 00000164 t _archiveMountDevice
0012c2b8 000000e8 t archive_diropen
0012c3a0 000000a4 t archive_fstat
0012c444 0000006c t archive_close
0012c4b0 0000006c t archive_fsync
0012c51c 00000070 t archive_dirclose
0012c58c 000000e8 t sdmc_statvfs
0012c674 000000ec t archive_chdir
0012c760 0000007c t archive_ftruncate
0012c7dc 000000ac t archive_read
0012c888 000000a4 t archive_unlink
0012c92c 000000bc t archive_rmdir
0012c9e8 000000dc t archive_mkdir
0012cac4 0000019c t archive_stat
0012cc60 0000015c t archive_dirnext
0012cdbc 000000ec t archive_write
0012cea8 000001d4 t archive_open
0012d07c 00000278 t archive_rename
0012d2f4 0000019c T archiveMountSdmc
0012d490 00000054 T archiveUnmountAll
0012d4e8 0000022c T cosf
0012d714 00000024 t with_errnof
0012d738 0000001c T __math_invalidf
0012d754 00000070 T tanf
0012d7c8 0000024c T sinf
0012da14 00000050 T sqrtf
0012da64 000002c8 T __ieee754_rem_pio2f
0012dd2c 00000008 T __ieee754_sqrtf
0012dd34 00000880 T __kernel_rem_pio2f
0012e5b4 00000208 T __kernel_tanf
0012e7bc 00000010 T fabsf
0012e7cc 000000c0 T floorf
0012e88c 0000012c T scalbnf
0012e9b8 00000120 T __udivmoddi4
0012ead8 00000050 T access
0012eb28 0000005c T __assert_func
0012eb84 00000078 T bsearch
0012ebfc 00000020 T calloc
0012ec1c 000000c0 T _calloc_r
0012ecdc 0000000c T __errno
0012ece8 00000034 T exit
0012ed1c 0000015c T _fclose_r
0012ee78 00000018 T fclose
0012ee90 00000234 T __sflush_r
0012f0c4 00000094 T _fflush_r
0012f158 00000038 T fflush
0012f190 0000000c T _cleanup_r
0012f19c 00000184 T __sinit
0012f320 00000134 T __sfp
0012f454 0000000c T __sfp_lock_acquire
0012f460 0000000c T __sfp_lock_release
0012f46c 0000003c T __libc_fini_array
0012f4a8 0000003c T fiprintf
0012f4e4 00000134 T _fopen_r
0012f618 00000020 T fopen
0012f638 0000003c T fprintf
0012f674 000002d0 T _fread_r
0012f944 00000038 T fread
0012f97c 000000f8 T _malloc_trim_r
0012fa74 000002e8 T _free_r
0012fd5c 0000001c T _fseek_r
0012fd78 00000034 T fseek
0012fdac 00000590 T _fseeko_r
0013033c 0000002c T ftell
00130368 000001b4 T _ftello_r
0013051c 00000068 T _fwalk
00130584 00000070 T _fwalk_reent
001305f4 000000f0 T _fwrite_r
001306e4 00000038 T fwrite
0013071c 00000084 T __libc_init_array
001307a0 00000138 T __smakebuf_r
001308d8 0000008c T __swhatbuf_r
00130964 00000020 T memalign
00130984 0000014c T _memalign_r
00130ad0 00000018 T malloc
00130ae8 00000018 T free
00130b00 000007e4 T _malloc_r
001312e4 000000e4 T memchr
001313c8 000000b0 T memcmp
00131478 00000118 T memcpy
00131590 00000150 T memmove
001316e0 000000f4 T memset
001317d4 0000000c T __malloc_lock
001317e0 0000000c T __malloc_unlock
001317ec 00000034 T printf
00131820 000000e0 T _puts_r
00131900 00000018 T puts
00131918 00000a04 T qsort
0013231c 00000044 T rand
00132360 00000020 T realloc
00132380 000004a0 T _realloc_r
00132820 0000001c t lflush
0013283c 00000198 T __srefill_r
001329d4 0000002c T rewind
00132a00 0000025c T setvbuf
00132c5c 00000064 T sprintf
00132cc0 00000074 T sscanf
00132d34 00000044 T __sread
00132d78 00000008 T __seofread
00132d80 00000068 T __swrite
00132de8 00000044 T __sseek
00132e2c 00000008 T __sclose
00132e34 00000070 T stpcpy
00132ea4 00000130 T strchr
00132fd4 000000f0 T strcpy
001330c4 00000084 T strcspn
00133148 0000005c T strlen
001331a4 000000e4 T strncat
00133288 000000e4 T strncmp
0013336c 000000c4 T strncpy
00133430 00000048 T strnlen
00133478 000001c4 t _strtoul_l.constprop.0
0013363c 00000004 T _strtoul_r
00133640 00000028 T strtoul
00133668 0000066c t get_arg
00133cd8 00003334 T _svfprintf_r
0013700c 00000050 t get_arg
0013705c 00002c38 T __ssvfscanf_r
00139c94 00000020 T stat
00139cb4 00000018 T unlink
00139ccc 0000003c T time
00139d08 0000066c t get_arg
0013a374 00000030 T __sprint_r
0013a3a4 000022ec T _vfiprintf_r
0013c690 000000d0 t __sbprintf
0013c760 0000066c t get_arg
0013cdd0 0000339c T _vfprintf_r
0014016c 00000028 T vfprintf
00140194 000000d0 t __sbprintf
00140264 00000024 T vprintf
00140288 0000005c T vsprintf
001402e4 00000054 T _wcrtomb_r
00140338 00000028 T _wcsrtombs_r
00140360 0000013c T __swsetup_r
0014049c 00000014 T abort
001404b0 00000114 T __call_exitprocs
001405c4 000001b0 t quorem
00140778 000011f8 T _dtoa_r
00141970 000000c8 T __sflags
00141a38 000004b4 T __sfvwrite_r
00141eec 00000008 T iswspace
00141ef4 0000000c T _localeconv_r
00141f00 00000010 T __locale_mb_cur_max
00141f10 00000068 T _mbrtowc_r
00141f78 000002f8 T __utf8_mbtowc
00142270 00000088 T _Balloc
001422f8 0000001c T _Bfree
00142314 000000f4 T __multadd
00142408 00000110 T __s2b
00142518 00000060 T __hi0bits
00142578 0000009c T __lo0bits
00142614 000000a8 T __i2b
001426bc 00000204 T __multiply
001428c0 00000124 T __pow5mult
001429e4 00000140 T __lshift
00142b24 00000058 T __mcmp
00142b7c 000001ec T __mdiff
00142d68 00000068 T __ulp
00142dd0 000000d0 T __b2d
00142ea0 00000120 T __d2b
00142fc0 00000078 T __ratio
00143038 00000088 T __copybits
001430c0 0000005c T __any_on
0014311c 000000f4 T __sccl
00143210 0000000c T nanf
00143220 00000088 T frexp
001432a8 00000090 T _raise_r
00143338 00000018 T raise
00143350 000000cc T stpncpy
0014341c 00000064 t sulp
00143480 000013a8 T _strtod_l
00144828 0000000c T _strtod_r
00144834 0000022c t _strtoll_l.constprop.0
00144a60 00000004 T _strtoll_r
00144a64 000001a4 t _strtol_l.part.0
00144c08 0000003c T _strtol_r
00144c44 00000244 t _strtoull_l.constprop.0
00144e88 00000004 T _strtoull_r
00144e8c 00000188 T __ssprint_r
00145014 000000d4 T _sungetc_r
001450e8 0000006c T __ssrefill_r
00145154 000000c4 T _sfread_r
00145218 000000a8 T __submore
001452c0 00000188 T _wcsnrtombs_l
00145448 0000004c T _wcsnrtombs_r
00145494 000000f0 T __utf8_wctomb
00145584 000000f0 t rshift
00145674 00000814 T __gethex
00145e88 0000004c T __match
00145ed4 0000029c T __hexnan
00146170 0000003c T iswspace_l
001461ac 000001d8 t __jp2uc
00146384 0000009c T _jp2uc_l
00146420 00000010 T nan
00146430 0000008c T category
001464bc 00000008 t null_write
001464c4 00000018 T setDefaultDevice
001464dc 000000c8 T FindDevice
001465a4 00000028 T RemoveDevice
001465cc 0000009c T AddDevice
00146668 00000020 T GetDeviceOpTab
00146688 00000078 T _fstat_r
00146700 00000014 T _getpid_r
00146714 00000030 T _gettimeofday_r
00146744 00000008 T _isatty_r
0014674c 00000014 T _kill_r
00146760 00000084 T _lseek_r
001467e4 000000c0 T _open_r
001468a4 00000080 T _read_r
00146924 00000078 T _sbrk_r
0014699c 0000006c T _stat_r
00146a08 00000064 T _unlink_r
00146a6c 00000080 T _write_r
00146aec 00000020 T _exit
00146b0c 000001a4 T _concatenate_path
00146cb0 00000140 T chdir
00146df0 00000060 T mkdir
00146e50 00000008 T __flockfile
00146e58 00000008 T __funlockfile
00146e60 0000008c T __release_handle
00146eec 000000b0 T __alloc_handle
00146f9c 0000003c T __get_handle
00146fd8 000000f4 T _close_r
001470cc 00000068 t __dirnext
00147134 000000f4 T opendir
00147228 00000090 T closedir
001472b8 000000a8 T readdir
00147360 0000002c T __getreent
0014738c 00000064 T _rmdir_r
001473f0 00000018 T rmdir
00147408 0000001c T __libc_lock_acquire
00147424 0000001c T __libc_lock_release
00147440 0000001c T __libc_lock_init_recursive
0014745c 0000001c T __libc_lock_acquire_recursive
00147478 0000001c T __libc_lock_release_recursive
00147494 0000001c T __libc_lock_close_recursive
001474b0 00000038 T __aeabi_d2lz
001474b0 00000038 T __fixdfdi
001474e8 00000040 T __aeabi_d2ulz
001474e8 00000040 T __fixunsdfdi
00147528 00000048 T strrchr
00147570 T _fini
0014800c 00000048 r faces.0
00148054 00000010 r CSWTCH.5
00148064 00000010 r CSWTCH.8
00148104 00000240 R cube_sides_lut
00148350 0000000c r worldGenTypesStr
0014835c 00000024 R _seethroughTable
0014838c 00000004 R GravityPlusFriction
00148390 00000004 R MaxFallVelocity
00148394 00000004 R MaxWalkVelocity
00148398 0000003c R n3ds_default_scheme
001483d4 0000003c R platform_default_scheme
00148410 00000200 r singletable
00148610 000000c0 r grad3
001486d0 00000200 r grad4
001488d0 0000001c r ADAM7_DX
001488ec 0000001c r ADAM7_IX
00148908 0000001c r ADAM7_DY
00148924 0000001c r ADAM7_IY
00148940 00000074 r LENGTHBASE
001489b4 00000078 r DISTANCEBASE
00148a2c 00000078 r DISTANCEEXTRA
00148aa4 00000074 r LENGTHEXTRA
00148b18 0000004c r CLCL_ORDER
00148b64 0000001c r CSWTCH.182
00148b80 00000400 r lodepng_crc32_table
00148f80 00000010 r CSWTCH.341
00148f90 0000017c r CSWTCH.365
0014910c 00000010 R lodepng_default_decompress_settings
0014911c 00000024 R lodepng_default_compress_settings
00149140 00000013 r s_length_dezigzag.9
00149140 00000013 r s_tdefl_packed_code_size_syms_swizzle
00149154 0000001a r __func__.15
00149170 00000200 r s_tdefl_len_sym
00149370 00000018 r __func__.14
00149388 00000100 r s_tdefl_len_extra
00149488 00000044 r mz_bitmasks
001494cc 00000200 r s_tdefl_small_dist_sym
001496cc 00000200 r s_tdefl_small_dist_extra
001498cc 00000080 r s_tdefl_large_dist_sym
0014994c 00000080 r s_tdefl_large_dist_extra
001499cc 00000012 r __func__.17
001499e0 0000001d r __func__.3
00149a00 00000400 r s_crc_table.22
00149e00 00000050 r s_error_descs.21
00149e50 00000011 r __func__.19
00149e64 00000013 r __func__.18
00149e78 00000016 r __func__.20
00149e90 00000016 r __func__.13
00149ea8 0000002c r s_tdefl_num_probes
00149ea8 0000002c r s_tdefl_png_num_probes.12
00149f00 00000005 r chans.11
00149f1c 0000000c r s_min_table_sizes.10
00149f28 0000007c r s_length_extra.8
00149fa4 0000007c r s_length_base.7
0014a020 00000080 r s_dist_extra.6
0014a0a0 00000080 r s_dist_base.5
0014a120 00000011 r __func__.4
0014a134 0000001c r __func__.2
0014a150 00000018 r __func__.1
0014a168 00000022 r __func__.0
0014a18c 00000080 r CSWTCH.582
0014a228 R gui_shbin
0014a39c R gui_shbin_end
0014a39c R gui_shbin_size
0014a3a0 R world_shbin
0014a4d4 R world_shbin_end
0014a4d4 R world_shbin_size
0014c934 r .LC2
0014cca8 00000038 r CSWTCH.19
0014cce0 00000005 r colorFmtSizes
0014cce8 00000004 r depthFmtSizes
0014cd10 00000070 r romFS_devoptab
0014cdf0 00000070 r dotab_stdout
0014ce60 00000018 r grayScale
0014ce78 00000006 r colorCube
0014ce80 00000030 r colorTable
0014cedc 00000008 r morton_y.2
0014cee4 00000008 r morton_x.3
0014ceec 00000008 r s_sleepWakeEvents.4
0014cf2c R default_font_bin
0014d72c R default_font_bin_end
0014d748 00000030 r error_table
0014d780 00000070 r archive_devoptab
0014d7f0 00000060 R __inv_pio4
0014d850 000000e0 R __sincosf_table
0014d930 00000080 r npio2_hw
0014d9b0 00000318 r two_over_pi
0014dcc8 0000002c r PIo2
0014dcf4 0000000c r init_jk
0014dd40 00000101 R _ctype_
0014de44 00000004 R _global_impure_ptr
0014de84 00000010 r zeroes.0
0014de94 00000010 r blanks.1
0014deac 00000022 r basefix.0
0014ded0 00000010 r zeroes.0
0014dee0 00000010 r blanks.1
0014def0 00000010 r zeroes.0
0014df00 00000010 r blanks.1
0014e00c 0000000c r p05.0
0014e018 00000028 R __mprec_bigtens
0014e040 000000c8 R __mprec_tens
0014e118 00000014 r fpinan.0
0014e12c 00000014 r fpi.1
0014e140 00000028 r tinytens
0014e168 0000006c R __action_table
0014e1d4 0000006c R __state_table
0014e240 00000100 R __chclass
0014e390 00000100 R __hexdig
0014e4a4 00001a7c r d02f4
0014ff20 0000172a r b02cf
0015164c 00000040 r a8
0015168c 000000a2 r a7
00151730 00000070 r a6
001517a0 0000005b r a3
001517fc 000000bc r a2
001518b8 000000bc r a1
00151974 00003528 r categories
00154e9c 00000070 R dotab_stdnull
00154f0c R __tdata_align
00154f10 r 
00154f10 R __exidx_end
00154f10 R __exidx_start
00155000 0000007c D texture_files
0015507c 00000068 D BlockNames
001550e4 00000060 d vertices
00155144 00000004 d guiScale
00155148 00000004 d selectedWorld
0015514c 00000001 d worldGenType
00155150 00000004 D uuidGenerator
00155154 00000007 D DirectionToAxis
0015515c 00000007 D DirectionOpposite
00155164 00000054 D DirectionToOffset
001551b8 0000005c D platform_key_names
00155214 00000004 d framerate
00155218 00000008 d framerateCounter
00155220 00000001 d firstConsoleInit.0
00155224 00000004 D currentConsole
00155228 00000048 D defaultConsole
00155270 00000004 d queueLock
00155274 00000004 d kCount
00155278 00000004 d kInterval
0015527c 00000004 d kDelay
00155280 W __stacksize__
00155284 00000004 D _impure_ptr
00155288 00000460 d impure_data
001556e8 00000004 D __malloc_sbrk_base
001556ec 00000004 D __malloc_trim_threshold
001556f0 00000408 D __malloc_av_
00155af8 0000016c D __global_locale
00155c64 0000008c D devoptab_list
00155cf0 00000004 d defaultDevice
00155cf4 00000400 d _current_working_directory
001560f4 00001000 d handles
001570f4 0000000c d __stderr_handle
00157100 0000000c d __stdout_handle
0015710c 0000000c d __stdin_handle
00157120 d _GLOBAL_OFFSET_TABLE_
0015712c d __frame_dummy_init_array_entry
0015712c D __init_array_start
0015712c B __preinit_array_end
0015712c B __preinit_array_start
0015712c D __tdata_lma
0015712c D __tdata_lma_end
00157130 d __do_global_dtors_aux_fini_array_entry
00157130 D __fini_array_start
00157130 D __init_array_end
00157134 D __bss_start__
00157134 D __fini_array_end
00157134 00000001 B showDebugInfo
00157138 00000400 b swkbd.1
00157538 00000040 b textBuffer.0
00157578 00000218 b textureMap
00157790 000000f8 b icon
00157888 00000018 b texture
001578a0 00000004 b cloudVBO
001578a4 00000004 b cursorVBO
001578a8 00000004 b handVBO
001578ac 00000018 b steveTexture
001578c4 0000000c b floodfill_queue
001578d0 00000004 b currentFace
001578d4 00000004 b transparentFaces
001578d8 00000004 b world
001578dc 00000004 b player
001578e0 00000004 b updateLock
001578e4 0000000c b vboUpdates
001578f0 00001000 b floodfill_visited
001588f0 00018000 b faceBuffer
001708f0 00000004 b world
001708f4 00000004 b player
001708f8 00000004 b workqueue
001708fc 00000004 b gamestate
00170900 00000008 b renderTargets
00170908 00000004 b lowerScreen
0017090c 00000004 b world_dvlb
00170910 00000014 b world_shader
00170924 00000004 b world_shader_uLocProjection
00170928 00000004 b gui_dvlb
0017092c 00000014 b gui_shader
00170940 00000004 b gui_shader_uLocProjection
00170948 00000018 b world_vertexAttribs
00170960 00000018 b gui_vertexAttribs
00170978 00000018 b logoTex
00170990 0000000c b freedBlocks
0017099c 00000004 b lock
001709a0 00000288 b chunkRendered
00170c28 0000000c b renderingQueue
00170c34 0000000c b transparentClusters
00170c40 00000004 b player
00170c44 00000004 b world
00170c48 0000018c b camera
00170dd4 00000004 b workqueue
00170dd8 00000004 b projectionUniform
00170ddc 00000200 b fogLut
00170fdc 00000004 B sky_time
00170fe0 00000050 b logLines
00171030 0000003c b statusLines
0017106c 00000004 b currentStatusLine
00171070 00000018 b input
00171088 00000018 b oldInput
001710a0 00000004 b paddingX
001710a4 00000004 b paddingY
001710a8 00000004 b relativeX
001710ac 00000004 b relativeY
001710b0 00000004 b windowX
001710b4 00000004 b windowY
001710b8 0000000c b currentRow
001710c4 00000004 b sourceStack
001710c8 00000004 b proposedSourceStack
001710cc 0000000c b cmdList
001710d8 00000008 b vertexList
001710e0 00000004 b projUniform
001710e4 00000004 b font
001710e8 00000018 b widgetsTex
00171100 00000018 b whiteTex
00171118 00000018 b menuBackgroundTex
00171130 00000040 b iconModelMtx
00171170 00000004 b currentTexture
00171174 00000018 b iconsTex
0017118c 00000004 b screenWidth
00171190 00000004 b screenHeight
00171194 00000004 b rot
00171198 0000000c b worlds
001711a4 00000001 b menustate
001711a8 00000004 b velocity
001711ac 00000004 b scroll
001711b0 00000001 b clicked_play
001711b1 00000001 b clicked_new_world
001711b2 00000001 b clicked_delete_world
001711b3 00000001 b canceled_deletion
001711b4 00000001 b confirmed_deletion
001711b5 00000001 b canceled_world_options
001711b6 00000001 b confirmed_world_options
001711b8 00000400 b swkbd.1
001715b8 0000000c b name.0
001715c4 00000004 b workerToStop
001715c8 00000004 b nodeDataPool
001715cc 00000004 b fileBuffer
001715d0 00000004 b decompressBuffer
001715d4 00000004 b perm
001715d8 00000004 b permMod12
001715dc b completed.1
001715e0 b object.0
001715f8 000002d0 B __C3D_Context
001718c8 0000000c b hookCookie
001718d8 00000010 b cpuTime
001718e8 00000004 b firstTarget
001718ec 00000008 b frameCounter
001718f4 00000004 b frameEndCb
001718f8 00000004 b frameEndCbData
00171900 00000010 b gpuTime
00171910 00000001 b inFrame
00171911 00000001 b inSafeTransfer
00171912 00000001 b isTopStereo
00171914 00000004 b lastTarget
00171918 0000000c b linkedTarget
00171924 00000001 b measureGpuTime
00171925 00000001 b needSwapBot
00171926 00000001 b needSwapTop
00171928 00000004 B C3D_BoolUnifs
0017192c 00000002 B C3D_BoolUnifsDirty
00171930 00000c00 B C3D_FVUnif
00172530 000000c0 B C3D_FVUnifDirty
001725f0 00000020 B C3D_IVUnif
00172610 00000008 B C3D_IVUnifDirty
00172618 000000c0 b C3Di_FVUnifEverDirty
001726d8 00000008 b C3Di_IVUnifEverDirty
001726e0 00000018 b C3Di_ShaderFVecData
001726f8 00000008 b sVramPoolB
00172700 00000008 b sVramPoolA
00172708 0000000c b sAddrMap
00172718 00000008 b sLinearPool
00172720 0000000c b sAddrMap
0017272c 00000004 b romfs_mount_list
00172730 00000004 V __romfs_path
00172734 00000004 b arbiter
00172738 00000001 V __ctru_speedup
0017273c 00000048 B currentCopy
00172784 00000004 b screenAlloc
00172788 00000004 b screenFree
0017278c 00000002 b gfxIsDoubleBuf
00172790 00000002 b gfxCurBuf
00172792 00000001 b gfxIsVram
00172793 00000001 b gfxTopMode
00172794 00000002 b gfxFramebufferFormats
00172798 00000004 b gfxBottomFramebufferMaxSize
0017279c 00000004 b gfxTopFramebufferMaxSize
001727a0 00000008 b gfxBottomFramebuffers
001727a8 00000008 b gfxTopFramebuffers
001727b0 00000004 b boundQueue
001727b4 00000001 b shouldStop
001727b5 00000001 b isRunning
001727b6 00000001 b isActive
001727b8 00000004 b curQueue
001727bc 00000004 B gpuCmdBufOffset
001727c0 00000004 B gpuCmdBufSize
001727c4 00000004 B gpuCmdBuf
001727c8 00000004 b irrstRefCount
001727cc 00000004 b csPos
001727d0 00000004 b kHeld
001727d4 00000004 B irrstSharedMem
001727d8 00000004 B irrstEvent
001727dc 00000004 B irrstMemHandle
001727e0 00000004 B irrstHandle
001727e4 00000007 b gspEventCbOneShot
001727ec 0000001c b gspEventCbData
00172808 0000001c b gspEventCb
00172824 00000038 b gspEvents
0017285c 00000004 b gspLastEvent
00172860 00000001 b gspRunEvents
00172864 00000004 b gspEventThread
00172868 00000004 b gspEvent
0017286c 00000001 b gspGpuRight
0017286d 00000001 b gspThreadId
00172870 00000004 b gspSharedMem
00172874 00000004 b gspSharedMemHandle
00172878 00000004 b gspRefCount
0017287c 00000004 b gspGpuHandle
00172880 00000001 b flagValue.0
00172881 00000001 b flagInit.1
00172884 00000004 b serviceName.6
00172888 00000001 b aptChainloadMediatype
00172890 00000008 b aptChainloadTid
00172898 00000001 b aptChainloadFlags
0017289c 00001000 b aptParameters
0017389c 00000004 b aptFlags
001738a0 00000001 b aptHomeButtonState
001738a4 00000004 b aptMessageFuncData
001738a8 00000004 b aptMessageFunc
001738ac 0000000c b aptFirstHook
001738b8 00000001 b aptEventHandlerThreadQuit
001738bc 00000004 b aptEventHandlerThread
001738c0 00000008 b aptSleepEvent
001738c8 00000008 b aptReceiveEvent
001738d0 00000008 b aptEvents
001738d8 00000004 b aptLockHandle
001738dc 00000004 b aptRefCount
001738e0 00000001 b usingIrrst
001738e4 00000004 b hidRefCount
001738e8 00000006 b gRate
001738f0 00000006 b aVec
001738f8 00000004 b cPos
001738fc 00000004 b tPos
00173900 00000004 b kRepeat
00173904 00000004 b kUp
00173908 00000004 b kDown
0017390c 00000004 b kHeld
00173910 00000004 b kOld
00173914 00000004 B hidSharedMem
00173918 00000014 B hidEvents
0017392c 00000004 B hidMemHandle
00173930 00000004 B hidHandle
00173934 00000004 b ptmSysmRefCount
00173938 00000004 b ptmSysmHandle
00173940 00000080 b fsExemptArchives
001739c0 00000004 b fsuRefCount
001739c4 00000004 b fsuHandle
001739c8 00000004 b swkbdSharedMemHandle
001739cc 00000004 b swkbdSharedMem
001739d0 00000004 V __ctru_linear_heap_size
001739d4 00000004 V __ctru_heap_size
001739d8 00000004 B __ctru_linear_heap
001739dc 00000004 B __ctru_heap
001739e0 00000004 B __system_retAddr
001739e4 00000004 B __system_argv
001739e8 00000004 B __system_argc
001739ec b saved_stack
001739f4 00000004 B __3dslink_host
001739f8 00000004 b srvRefCount
001739fc 00000004 b srvHandle
00173a00 00000004 b currentAddr
00173a04 00000004 b maxAddr
00173a08 00000004 b minAddr
00173a0c 00000004 b srvPmHandle
00173a10 00000540 b archive_devices
00173f50 00000004 b archive_device_cwd
00173f54 00000001 b archive_initialized
00173f58 0000000c b __sinit_recursive_mutex
00173f64 0000000c b __sfp_recursive_mutex
00173f70 00000028 B __malloc_current_mallinfo
00173f98 00000004 B __malloc_max_total_mem
00173f9c 00000004 B __malloc_max_sbrked_mem
00173fa0 00000004 B __malloc_top_pad
00173fa4 0000000c b __malloc_recursive_mutex
00173fb0 0000000c B __atexit_recursive_mutex
00173fbc 00000004 b heap_start.0
00173fc0 00000004 B fake_heap_start
00173fc4 00000004 B fake_heap_end
00173fc8 00000400 b temp_cwd
001743c8 00000004 b __hndl_lock
001743cc B __tls_start
00174fd4 B __bss_end__
00174fd4 A __end__
00174fd4 B __tls_end
